<?xml version="1.0" encoding="UTF-8"?>
<!-- Generated by org.testng.reporters.JUnitReportReporter -->
<testsuite hostname="V2MUMPC0455" name="test.v2solutions.mainpage.components.TestGlobalNavigation" tests="20" failures="0" timestamp="20 Jan 2017 12:35:51 GMT" time="65.076" errors="0">
  <testcase name="verifyALTTagNameOFSocialIconInGlobalHeaderInDesktopView" time="0.173" classname="test.v2solutions.mainpage.components.TestGlobalNavigation"/>
  <testcase name="verifySocialIconInGlobalHeaderAreClickableInDesktopView" time="11.271" classname="test.v2solutions.mainpage.components.TestGlobalNavigation"/>
  <testcase name="close" time="2.853" classname="test.v2solutions.mainpage.components.TestGlobalNavigation"/>
  <testcase name="verifyPageIsResizedToTabletViewLayout" time="3.411" classname="test.v2solutions.mainpage.components.TestGlobalNavigation"/>
  <testcase name="verifyContactNoAndIDPresentInGlobalHeaderInDesktopView" time="4.184" classname="test.v2solutions.mainpage.components.TestGlobalNavigation"/>
  <testcase name="verifySocialIconInGlobalHeaderAreClickableInDesktopView" time="12.473" classname="test.v2solutions.mainpage.components.TestGlobalNavigation"/>
  <testcase name="verifyContactNoAndIDPresentInGlobalHeaderIntabletView" time="1.054" classname="test.v2solutions.mainpage.components.TestGlobalNavigation"/>
  <testcase name="verifyContactNoAndIDPresentInGlobalHeaderIntabletView" time="1.047" classname="test.v2solutions.mainpage.components.TestGlobalNavigation"/>
  <testcase name="verifyPageIsResizedToDesktopViewLayout" time="4.458" classname="test.v2solutions.mainpage.components.TestGlobalNavigation"/>
  <testcase name="verifyGlobalNavigationHeaderPresentInDesktopView" time="2.640" classname="test.v2solutions.mainpage.components.TestGlobalNavigation"/>
  <testcase name="verifySocialIconRenderedInGlobalHeaderInDesktopView" time="1.081" classname="test.v2solutions.mainpage.components.TestGlobalNavigation"/>
  <testcase name="verifySocialIconInGlobalHeaderAreClickableInDesktopView" time="11.280" classname="test.v2solutions.mainpage.components.TestGlobalNavigation"/>
  <testcase name="verifySocialIconRenderedInGlobalHeaderInDesktopView" time="1.058" classname="test.v2solutions.mainpage.components.TestGlobalNavigation"/>
  <testcase name="verifyGlobalNavigationHeaderPresentInTabletView" time="1.050" classname="test.v2solutions.mainpage.components.TestGlobalNavigation"/>
  <testcase name="verifySocialIconRenderedInGlobalHeaderInDesktopView" time="1.059" classname="test.v2solutions.mainpage.components.TestGlobalNavigation"/>
  <testcase name="verifyALTTagNameOFSocialIconInGlobalHeaderInDesktopView" time="0.515" classname="test.v2solutions.mainpage.components.TestGlobalNavigation"/>
  <testcase name="verifyContactNoAndIDPresentInGlobalHeaderInDesktopView" time="1.052" classname="test.v2solutions.mainpage.components.TestGlobalNavigation"/>
  <testcase name="verifyPageIsResizedToMobileViewLayout" time="3.150" classname="test.v2solutions.mainpage.components.TestGlobalNavigation"/>
  <testcase name="verifyALTTagNameOFSocialIconInGlobalHeaderInDesktopView" time="0.152" classname="test.v2solutions.mainpage.components.TestGlobalNavigation"/>
  <testcase name="verifyGlobalNavigationHeaderPresentInMobileView" time="1.115" classname="test.v2solutions.mainpage.components.TestGlobalNavigation"/>
</testsuite> <!-- test.v2solutions.mainpage.components.TestGlobalNavigation -->
