<?xml version="1.0" encoding="UTF-8"?>
<!-- Generated by org.testng.reporters.JUnitReportReporter -->
<testsuite hostname="V2MUMPC0014" name="test.v2solutions.components.TestMainNavigation" tests="14" failures="0" timestamp="7 Feb 2017 12:26:07 GMT" time="199.239" errors="0">
  <testcase name="verifyPageIsResizedToMobileViewLayout" time="3.230" classname="test.v2solutions.components.TestMainNavigation"/>
  <testcase name="validateHamburgerButtonClickableInMobileView" time="0.768" classname="test.v2solutions.components.TestMainNavigation"/>
  <testcase name="verifyOnMouseHoverMainNavigationMenuLinksExpandedInDesktopView" time="50.728" classname="test.v2solutions.components.TestMainNavigation"/>
  <testcase name="validateMenuLinksAreClickableInTabletView" time="17.968" classname="test.v2solutions.components.TestMainNavigation"/>
  <testcase name="verifyLogoPresentInMainNavigationTabletView" time="1.231" classname="test.v2solutions.components.TestMainNavigation"/>
  <testcase name="validateMenuLinksAreClickable" time="21.438" classname="test.v2solutions.components.TestMainNavigation"/>
  <testcase name="verifyHamburgerButtonPresentInMobileView" time="1.119" classname="test.v2solutions.components.TestMainNavigation"/>
  <testcase name="verifyMainNavigationPresentInDesktopView" time="1.062" classname="test.v2solutions.components.TestMainNavigation"/>
  <testcase name="verifyMainNavigationPresentInTabletView" time="1.146" classname="test.v2solutions.components.TestMainNavigation"/>
  <testcase name="verifyPageIsResizedToTabletViewLayout" time="3.106" classname="test.v2solutions.components.TestMainNavigation"/>
  <testcase name="close" time="1.013" classname="test.v2solutions.components.TestMainNavigation"/>
  <testcase name="verifyLogoPresentInMainNavigationDesktopView" time="1.040" classname="test.v2solutions.components.TestMainNavigation"/>
  <testcase name="verifyPageIsResizedToDesktopViewLayout" time="4.893" classname="test.v2solutions.components.TestMainNavigation"/>
  <testcase name="validateOnMouseHoverSubMenuLinksAreHighlighted" time="90.497" classname="test.v2solutions.components.TestMainNavigation"/>
</testsuite> <!-- test.v2solutions.components.TestMainNavigation -->
