<?xml version="1.0" encoding="UTF-8"?>
<!-- Generated by org.testng.reporters.JUnitReportReporter -->
<testsuite hostname="V2MUMPC0455" name="test.v2solutions.cisco.TestCISCO_TC" tests="5" failures="2" timestamp="8 Feb 2017 13:14:14 GMT" time="70.604" errors="0">
  <testcase name="inMobileViewVerifyUserCannotLoginWithInvalidCredentials" time="19.172" classname="test.v2solutions.cisco.TestCISCO_TC"/>
  <testcase name="verifyPageIsResizedAccordingToMobileView" time="4.218" classname="test.v2solutions.cisco.TestCISCO_TC"/>
  <testcase name="inMobileViewVerifyUserCanPerformSearch" time="17.804" classname="test.v2solutions.cisco.TestCISCO_TC"/>
  <testcase name="inMobileViewVerifySearchFieldDefaultText" time="10.915" classname="test.v2solutions.cisco.TestCISCO_TC">
    <failure type="java.lang.AssertionError" message=" Locator of &#039;Search icon with xpath ://*[@id=&#039;fw-searchbutton&#039;], search input field xpath :&#039; is &#039;//*[@id=&#039;search-phrase&#039;]&#039; Error-In Mobile view - Verify Search field default text failed. expected [Search items] but found [Search]">
      <![CDATA[java.lang.AssertionError:  Locator of 'Search icon with xpath ://*[@id='fw-searchbutton'], search input field xpath :' is '//*[@id='search-phrase']' Error-In Mobile view - Verify Search field default text failed. expected [Search items] but found [Search]
	at org.testng.Assert.fail(Assert.java:83)
	at com.v2solutions.taf.common.pages.CommonPage.logAndCreateADefect(CommonPage.java:369)
	at test.v2solutions.cisco.TestCISCO_TC.inMobileViewVerifySearchFieldDefaultText(TestCISCO_TC.java:410)
	at sun.reflect.NativeMethodAccessorImpl.invoke0(Native Method)
	at sun.reflect.NativeMethodAccessorImpl.invoke(NativeMethodAccessorImpl.java:62)
	at sun.reflect.DelegatingMethodAccessorImpl.invoke(DelegatingMethodAccessorImpl.java:43)
	at java.lang.reflect.Method.invoke(Method.java:483)
	at org.testng.internal.MethodInvocationHelper.invokeMethod(MethodInvocationHelper.java:86)
	at org.testng.internal.Invoker.invokeMethod(Invoker.java:643)
	at org.testng.internal.Invoker.invokeTestMethod(Invoker.java:820)
	at org.testng.internal.Invoker.invokeTestMethods(Invoker.java:1128)
	at org.testng.internal.TestMethodWorker.invokeTestMethods(TestMethodWorker.java:129)
	at org.testng.internal.TestMethodWorker.run(TestMethodWorker.java:112)
	at org.testng.TestRunner.privateRun(TestRunner.java:782)
	at org.testng.TestRunner.run(TestRunner.java:632)
	at org.testng.SuiteRunner.runTest(SuiteRunner.java:366)
	at org.testng.SuiteRunner.runSequentially(SuiteRunner.java:361)
	at org.testng.SuiteRunner.privateRun(SuiteRunner.java:319)
	at org.testng.SuiteRunner.run(SuiteRunner.java:268)
	at org.testng.SuiteRunnerWorker.runSuite(SuiteRunnerWorker.java:52)
	at org.testng.SuiteRunnerWorker.run(SuiteRunnerWorker.java:86)
	at org.testng.TestNG.runSuitesSequentially(TestNG.java:1244)
	at org.testng.TestNG.runSuitesLocally(TestNG.java:1169)
	at org.testng.TestNG.run(TestNG.java:1064)
	at org.testng.remote.AbstractRemoteTestNG.run(AbstractRemoteTestNG.java:132)
	at org.testng.remote.RemoteTestNG.initAndRun(RemoteTestNG.java:236)
	at org.testng.remote.RemoteTestNG.main(RemoteTestNG.java:81)
Caused by: com.v2solutions.taf.common.logs.AnalizerException:  Locator of 'Search icon with xpath ://*[@id='fw-searchbutton'], search input field xpath :' is '//*[@id='search-phrase']' Error-In Mobile view - Verify Search field default text failed. expected [Search items] but found [Search]
	at com.v2solutions.taf.common.pages.CommonPage.logAndCreateADefect(CommonPage.java:363)
	... 25 more
Caused by: java.lang.AssertionError: In Mobile view - Verify Search field default text failed. expected [Search items] but found [Search]
	at org.testng.Assert.fail(Assert.java:94)
	at org.testng.Assert.failNotEquals(Assert.java:513)
	at org.testng.Assert.assertEqualsImpl(Assert.java:135)
	at org.testng.Assert.assertEquals(Assert.java:116)
	at org.testng.Assert.assertEquals(Assert.java:190)
	at test.v2solutions.cisco.TestCISCO_TC.inMobileViewVerifySearchFieldDefaultText(TestCISCO_TC.java:406)
	... 24 more
]]>
    </failure>
  </testcase> <!-- inMobileViewVerifySearchFieldDefaultText -->
  <testcase name="inMobileViewVerifyUserCanLoginWithValidCredentials" time="18.495" classname="test.v2solutions.cisco.TestCISCO_TC">
    <failure type="java.lang.AssertionError" message="failed to find page object by xpath , message : org.openqa.selenium.NoSuchElementException: no such element: Unable to locate element: {&quot;method&quot;:&quot;xpath&quot;,&quot;selector&quot;:&quot;//*[@class=&#039;username&#039;]&quot;}
  (Session info: chrome=56.0.2924.87)
  (Driver info: chromedriver=2.24.417431 (9aea000394714d2fbb20850021f6204f2256b9cf),platform=Windows NT 6.1.7601 SP1 x86_64) (WARNING: The server did not provide any stacktrace information)
Command duration or timeout: 30 milliseconds
For documentation on this error, please visit: http://seleniumhq.org/exceptions/no_such_element.html
B Reasons-Wrong Locator. Or element may not yet be on the screen at the time of the find operation, due to slow internet.">
      <![CDATA[java.lang.AssertionError: failed to find page object by xpath , message : org.openqa.selenium.NoSuchElementException: no such element: Unable to locate element: {"method":"xpath","selector":"//*[@class='username']"}
  (Session info: chrome=56.0.2924.87)
  (Driver info: chromedriver=2.24.417431 (9aea000394714d2fbb20850021f6204f2256b9cf),platform=Windows NT 6.1.7601 SP1 x86_64) (WARNING: The server did not provide any stacktrace information)
Command duration or timeout: 30 milliseconds
For documentation on this error, please visit: http://seleniumhq.org/exceptions/no_such_element.html
B Reasons-Wrong Locator. Or element may not yet be on the screen at the time of the find operation, due to slow internet.
	at org.testng.Assert.fail(Assert.java:83)
	at com.v2solutions.taf.common.pages.CommonPage.logAndCreateADefect(CommonPage.java:369)
	at test.v2solutions.cisco.TestCISCO_TC.inMobileViewVerifyUserCanLoginWithValidCredentials(TestCISCO_TC.java:360)
	at sun.reflect.NativeMethodAccessorImpl.invoke0(Native Method)
	at sun.reflect.NativeMethodAccessorImpl.invoke(NativeMethodAccessorImpl.java:62)
	at sun.reflect.DelegatingMethodAccessorImpl.invoke(DelegatingMethodAccessorImpl.java:43)
	at java.lang.reflect.Method.invoke(Method.java:483)
	at org.testng.internal.MethodInvocationHelper.invokeMethod(MethodInvocationHelper.java:86)
	at org.testng.internal.Invoker.invokeMethod(Invoker.java:643)
	at org.testng.internal.Invoker.invokeTestMethod(Invoker.java:820)
	at org.testng.internal.Invoker.invokeTestMethods(Invoker.java:1128)
	at org.testng.internal.TestMethodWorker.invokeTestMethods(TestMethodWorker.java:129)
	at org.testng.internal.TestMethodWorker.run(TestMethodWorker.java:112)
	at org.testng.TestRunner.privateRun(TestRunner.java:782)
	at org.testng.TestRunner.run(TestRunner.java:632)
	at org.testng.SuiteRunner.runTest(SuiteRunner.java:366)
	at org.testng.SuiteRunner.runSequentially(SuiteRunner.java:361)
	at org.testng.SuiteRunner.privateRun(SuiteRunner.java:319)
	at org.testng.SuiteRunner.run(SuiteRunner.java:268)
	at org.testng.SuiteRunnerWorker.runSuite(SuiteRunnerWorker.java:52)
	at org.testng.SuiteRunnerWorker.run(SuiteRunnerWorker.java:86)
	at org.testng.TestNG.runSuitesSequentially(TestNG.java:1244)
	at org.testng.TestNG.runSuitesLocally(TestNG.java:1169)
	at org.testng.TestNG.run(TestNG.java:1064)
	at org.testng.remote.AbstractRemoteTestNG.run(AbstractRemoteTestNG.java:132)
	at org.testng.remote.RemoteTestNG.initAndRun(RemoteTestNG.java:236)
	at org.testng.remote.RemoteTestNG.main(RemoteTestNG.java:81)
Caused by: com.v2solutions.taf.common.logs.AnalizerException: failed to find page object by xpath , message : org.openqa.selenium.NoSuchElementException: no such element: Unable to locate element: {"method":"xpath","selector":"//*[@class='username']"}
  (Session info: chrome=56.0.2924.87)
  (Driver info: chromedriver=2.24.417431 (9aea000394714d2fbb20850021f6204f2256b9cf),platform=Windows NT 6.1.7601 SP1 x86_64) (WARNING: The server did not provide any stacktrace information)
Command duration or timeout: 30 milliseconds
For documentation on this error, please visit: http://seleniumhq.org/exceptions/no_such_element.html
B Reasons-Wrong Locator. Or element may not yet be on the screen at the time of the find operation, due to slow internet.
	at com.v2solutions.taf.common.pages.CommonPage.logAndCreateADefect(CommonPage.java:363)
	... 25 more
Caused by: com.v2solutions.taf.exception.PageException: failed to find page object by xpath , message : org.openqa.selenium.NoSuchElementException: no such element: Unable to locate element: {"method":"xpath","selector":"//*[@class='username']"}
  (Session info: chrome=56.0.2924.87)
  (Driver info: chromedriver=2.24.417431 (9aea000394714d2fbb20850021f6204f2256b9cf),platform=Windows NT 6.1.7601 SP1 x86_64) (WARNING: The server did not provide any stacktrace information)
Command duration or timeout: 30 milliseconds
For documentation on this error, please visit: http://seleniumhq.org/exceptions/no_such_element.html
Build info: version: '2.53.1', revision: 'a36b8b1cd5757287168e54b817830adce9b0158d', time: '2016-06-30 19:26:09'
System info: host: 'V2MUMPC0455', ip: '192.168.15.38', os.name: 'Windows 7', os.arch: 'amd64', os.version: '6.1', java.version: '1.8.0_31'
Driver info: org.openqa.selenium.chrome.ChromeDriver
Capabilities [{applicationCacheEnabled=false, rotatable=false, mobileEmulationEnabled=false, networkConnectionEnabled=false, chrome={chromedriverVersion=2.24.417431 (9aea000394714d2fbb20850021f6204f2256b9cf), userDataDir=C:\Users\KHILES~1.FEG\AppData\Local\Temp\scoped_dir5104_23000}, takesHeapSnapshot=true, pageLoadStrategy=normal, databaseEnabled=false, handlesAlerts=true, hasTouchScreen=false, version=56.0.2924.87, platform=XP, browserConnectionEnabled=false, nativeEvents=true, acceptSslCerts=true, locationContextEnabled=true, webStorageEnabled=true, browserName=chrome, takesScreenshot=true, javascriptEnabled=true, cssSelectorsEnabled=true}]
Session ID: 6a000cdcc92b9c0f8521bd0837741d13
*** Element info: {Using=xpath, value=//*[@class='username']}
	at com.v2solutions.taf.core.WebPage.findPageObjectByXPath(WebPage.java:286)
	at com.v2solutions.cisco.CISCO_TC.inMobileViewVerifyUserCanLoginWithValidCredentials(CISCO_TC.java:442)
	at test.v2solutions.cisco.TestCISCO_TC.inMobileViewVerifyUserCanLoginWithValidCredentials(TestCISCO_TC.java:355)
	... 24 more
]]>
    </failure>
  </testcase> <!-- inMobileViewVerifyUserCanLoginWithValidCredentials -->
</testsuite> <!-- test.v2solutions.cisco.TestCISCO_TC -->
