<?xml version="1.0" encoding="UTF-8"?>
<!-- Generated by org.testng.reporters.JUnitReportReporter -->
<testsuite hostname="V2MUMPC0455" name="test.v2solutions.mainpage.components.TestMainNavigation" tests="14" failures="0" timestamp="20 Jan 2017 12:35:51 GMT" time="195.831" errors="0">
  <testcase name="validateMenuLinksAreClickable" time="20.802" classname="test.v2solutions.mainpage.components.TestMainNavigation"/>
  <testcase name="verifyMainNavigationPresentInTabletView" time="1.034" classname="test.v2solutions.mainpage.components.TestMainNavigation"/>
  <testcase name="verifyLogoPresentInMainNavigationDesktopView" time="1.074" classname="test.v2solutions.mainpage.components.TestMainNavigation"/>
  <testcase name="verifyHamburgerButtonPresentInMobileView" time="1.039" classname="test.v2solutions.mainpage.components.TestMainNavigation"/>
  <testcase name="validateOnMouseHoverSubMenuLinksAreHighlighted" time="90.239" classname="test.v2solutions.mainpage.components.TestMainNavigation"/>
  <testcase name="verifyPageIsResizedToTabletViewLayout" time="3.238" classname="test.v2solutions.mainpage.components.TestMainNavigation"/>
  <testcase name="verifyLogoPresentInMainNavigationTabletView" time="1.042" classname="test.v2solutions.mainpage.components.TestMainNavigation"/>
  <testcase name="verifyPageIsResizedToDesktopViewLayout" time="4.328" classname="test.v2solutions.mainpage.components.TestMainNavigation"/>
  <testcase name="verifyOnMouseHoverMainNavigationMenuLinksExpandedInDesktopView" time="51.104" classname="test.v2solutions.mainpage.components.TestMainNavigation"/>
  <testcase name="validateMenuLinksAreClickableInTabletView" time="16.538" classname="test.v2solutions.mainpage.components.TestMainNavigation"/>
  <testcase name="close" time="1.047" classname="test.v2solutions.mainpage.components.TestMainNavigation"/>
  <testcase name="verifyPageIsResizedToMobileViewLayout" time="3.121" classname="test.v2solutions.mainpage.components.TestMainNavigation"/>
  <testcase name="validateHamburgerButtonClickableInMobileView" time="0.153" classname="test.v2solutions.mainpage.components.TestMainNavigation"/>
  <testcase name="verifyMainNavigationPresentInDesktopView" time="1.072" classname="test.v2solutions.mainpage.components.TestMainNavigation"/>
</testsuite> <!-- test.v2solutions.mainpage.components.TestMainNavigation -->
