<?xml version="1.0" encoding="UTF-8"?>
<!-- Generated by org.testng.reporters.JUnitReportReporter -->
<testsuite hostname="V2MUMPC0455" name="test.v2solutions.mainpage.components.TestGlobalFooterSection" tests="5" failures="0" timestamp="20 Jan 2017 12:35:51 GMT" time="28.885" errors="0">
  <testcase name="validateCopyRightsLinksClickableInMobileView" time="11.297" classname="test.v2solutions.mainpage.components.TestGlobalFooterSection"/>
  <testcase name="verifyGlobalFooterSectionPresentInMobileView" time="1.141" classname="test.v2solutions.mainpage.components.TestGlobalFooterSection"/>
  <testcase name="close" time="0.763" classname="test.v2solutions.mainpage.components.TestGlobalFooterSection"/>
  <testcase name="validateCopyRightsLinksClickableInMobileView" time="11.363" classname="test.v2solutions.mainpage.components.TestGlobalFooterSection"/>
  <testcase name="verifyPageIsResizedToMobileViewLayout" time="4.321" classname="test.v2solutions.mainpage.components.TestGlobalFooterSection"/>
</testsuite> <!-- test.v2solutions.mainpage.components.TestGlobalFooterSection -->
