<?xml version="1.0" encoding="UTF-8"?>
<!-- Generated by org.testng.reporters.JUnitReportReporter -->
<testsuite hostname="V2MUMPC0014" name="test.v2solutions.components.TestGlobalNavigation" tests="2" failures="0" timestamp="7 Feb 2017 13:44:49 GMT" time="5.167" errors="0">
  <testcase name="verifyPageIsResizedToTabletViewLayout" time="4.296" classname="test.v2solutions.components.TestGlobalNavigation"/>
  <testcase name="close" time="0.871" classname="test.v2solutions.components.TestGlobalNavigation"/>
</testsuite> <!-- test.v2solutions.components.TestGlobalNavigation -->
