<?xml version="1.0" encoding="UTF-8"?>
<!-- Generated by org.testng.reporters.JUnitReportReporter -->
<testsuite hostname="V2MUMPC0014" name="test.v2solutions.components.TestGlobalFooterSection" tests="5" failures="0" timestamp="2 Feb 2017 08:59:33 GMT" time="27.249" errors="0">
  <testcase name="close" time="0.461" classname="test.v2solutions.components.TestGlobalFooterSection"/>
  <testcase name="verifyPageIsResizedToMobileViewLayout" time="4.591" classname="test.v2solutions.components.TestGlobalFooterSection"/>
  <testcase name="verifyGlobalFooterSectionPresentInMobileView" time="1.171" classname="test.v2solutions.components.TestGlobalFooterSection"/>
  <testcase name="validateCopyRightsLinksClickableInMobileView" time="10.556" classname="test.v2solutions.components.TestGlobalFooterSection"/>
  <testcase name="validateCopyRightsLinksClickableInMobileView" time="10.470" classname="test.v2solutions.components.TestGlobalFooterSection"/>
</testsuite> <!-- test.v2solutions.components.TestGlobalFooterSection -->
